[17/Oct/2014 14:29:37] "GET /app/ HTTP/1.1" 200 1509
[17/Oct/2014 14:29:37] "GET /static/css/index.css HTTP/1.1" 200 1911
[17/Oct/2014 14:29:37] "GET /static/images/coupons.png HTTP/1.1" 200 4647
[17/Oct/2014 14:29:37] "GET /static/images/banner-bg.png HTTP/1.1" 200 346462
[17/Oct/2014 14:29:37] "GET /static/images/send.png HTTP/1.1" 200 2092
[17/Oct/2014 14:29:37] "GET /static/images/store.png HTTP/1.1" 200 2060
[17/Oct/2014 14:29:37] "GET /static/images/profile.png HTTP/1.1" 200 2233
[17/Oct/2014 14:29:38] "GET /static/images/sign.png HTTP/1.1" 200 1945
[17/Oct/2014 14:29:38] "GET /app/ HTTP/1.1" 200 1509
[17/Oct/2014 14:29:38] "GET /static/css/index.css HTTP/1.1" 304 0
[17/Oct/2014 14:29:39] "GET /static/components/bootstrap/dist/css/bootstrap.min.css HTTP/1.1" 404 1743
[17/Oct/2014 14:29:39] "GET /static/images/sign.png HTTP/1.1" 304 0
[17/Oct/2014 14:29:39] "GET /static/images/coupons.png HTTP/1.1" 304 0
[17/Oct/2014 14:29:39] "GET /static/images/banner-bg.png HTTP/1.1" 200 346462
[17/Oct/2014 14:29:39] "GET /static/images/send.png HTTP/1.1" 304 0
[17/Oct/2014 14:29:39] "GET /static/images/store.png HTTP/1.1" 304 0
[17/Oct/2014 14:29:39] "GET /static/images/profile.png HTTP/1.1" 304 0
[17/Oct/2014 14:29:41] "GET /static/components/bootstrap/dist/css/bootstrap.min.css HTTP/1.1" 404 1743
[17/Oct/2014 14:29:42] "GET /app/ HTTP/1.1" 200 1509
[17/Oct/2014 14:29:42] "GET /static/css/index.css HTTP/1.1" 200 1911
[17/Oct/2014 14:29:42] "GET /static/components/bootstrap/dist/css/bootstrap.min.css HTTP/1.1" 404 1743
[17/Oct/2014 14:29:43] "GET /static/images/store.png HTTP/1.1" 200 2060
[17/Oct/2014 14:29:43] "GET /static/images/profile.png HTTP/1.1" 200 2233
[17/Oct/2014 14:29:43] "GET /static/images/sign.png HTTP/1.1" 200 1945
[17/Oct/2014 14:29:43] "GET /static/images/send.png HTTP/1.1" 200 2092
[17/Oct/2014 14:29:43] "GET /static/images/coupons.png HTTP/1.1" 200 4647
[17/Oct/2014 14:29:43] "GET /static/images/banner-bg.png HTTP/1.1" 200 346462
[17/Oct/2014 14:32:48] "GET /app/ HTTP/1.1" 200 1509
[17/Oct/2014 14:32:48] "GET /static/components/bootstrap/dist/css/bootstrap.min.css HTTP/1.1" 200 109518
[17/Oct/2014 14:32:48] "GET /static/css/index.css HTTP/1.1" 200 1911
[17/Oct/2014 14:32:49] "GET /static/images/store.png HTTP/1.1" 200 2060
[17/Oct/2014 14:32:49] "GET /static/images/profile.png HTTP/1.1" 200 2233
[17/Oct/2014 14:32:49] "GET /static/images/send.png HTTP/1.1" 200 2092
[17/Oct/2014 14:32:49] "GET /static/images/coupons.png HTTP/1.1" 200 4647
[17/Oct/2014 14:32:49] "GET /static/images/banner-bg.png HTTP/1.1" 200 346462
[17/Oct/2014 14:32:50] "GET /static/images/sign.png HTTP/1.1" 200 1945
[17/Oct/2014 14:36:22] "GET /app/ HTTP/1.1" 200 1956
[17/Oct/2014 14:36:22] "GET /static/components/bootstrap/dist/css/bootstrap.min.css HTTP/1.1" 200 109518
[17/Oct/2014 14:36:22] "GET /static/css/index.css HTTP/1.1" 200 1911
[17/Oct/2014 14:36:23] "GET /static/images/coupons.png HTTP/1.1" 200 4647
[17/Oct/2014 14:36:23] "GET /static/images/sign.png HTTP/1.1" 200 1945
[17/Oct/2014 14:36:23] "GET /static/images/send.png HTTP/1.1" 200 2092
[17/Oct/2014 14:36:23] "GET /static/images/store.png HTTP/1.1" 200 2060
[17/Oct/2014 14:36:23] "GET /static/images/profile.png HTTP/1.1" 200 2233
[17/Oct/2014 14:36:23] "GET /static/images/banner-bg.png HTTP/1.1" 200 346462
[17/Oct/2014 14:38:13] "GET /app/ HTTP/1.1" 200 2072
[17/Oct/2014 14:38:13] "GET /static/components/bootstrap/dist/css/bootstrap.min.css HTTP/1.1" 200 109518
[17/Oct/2014 14:38:13] "GET /static/css/index.css HTTP/1.1" 200 1911
[17/Oct/2014 14:38:14] "GET /static/images/coupons.png HTTP/1.1" 200 4647
[17/Oct/2014 14:38:14] "GET /static/images/banner-bg.png HTTP/1.1" 200 346462
[17/Oct/2014 14:38:14] "GET /static/images/sign.png HTTP/1.1" 200 1945
[17/Oct/2014 14:38:14] "GET /static/images/send.png HTTP/1.1" 200 2092
[17/Oct/2014 14:38:14] "GET /static/images/store.png HTTP/1.1" 200 2060
[17/Oct/2014 14:38:14] "GET /static/images/profile.png HTTP/1.1" 200 2233
[17/Oct/2014 14:38:17] "GET /app/ HTTP/1.1" 200 2072
[17/Oct/2014 14:38:17] "GET /static/components/bootstrap/dist/css/bootstrap.min.css HTTP/1.1" 200 109518
[17/Oct/2014 14:38:17] "GET /static/css/index.css HTTP/1.1" 200 1911
[17/Oct/2014 14:38:18] "GET /static/images/coupons.png HTTP/1.1" 200 4647
[17/Oct/2014 14:38:18] "GET /static/images/sign.png HTTP/1.1" 200 1945
[17/Oct/2014 14:38:18] "GET /static/images/banner-bg.png HTTP/1.1" 200 346462
[17/Oct/2014 14:38:18] "GET /static/images/profile.png HTTP/1.1" 200 2233
[17/Oct/2014 14:38:18] "GET /static/images/store.png HTTP/1.1" 200 2060
[17/Oct/2014 14:38:18] "GET /static/images/send.png HTTP/1.1" 200 2092
[17/Oct/2014 14:38:28] "GET /app/ HTTP/1.1" 200 2062
[17/Oct/2014 14:38:28] "GET /static/components/bootstrap/dist/css/bootstrap.min.css HTTP/1.1" 200 109518
[17/Oct/2014 14:38:28] "GET /static/css/index.css HTTP/1.1" 200 1911
[17/Oct/2014 14:38:29] "GET /static/images/coupons.png HTTP/1.1" 200 4647
[17/Oct/2014 14:38:29] "GET /static/images/banner-bg.png HTTP/1.1" 200 346462
[17/Oct/2014 14:38:29] "GET /static/images/store.png HTTP/1.1" 200 2060
[17/Oct/2014 14:38:29] "GET /static/images/profile.png HTTP/1.1" 200 2233
[17/Oct/2014 14:38:29] "GET /static/images/send.png HTTP/1.1" 200 2092
[17/Oct/2014 14:38:29] "GET /static/images/sign.png HTTP/1.1" 200 1945
[17/Oct/2014 14:38:34] "GET /app/send HTTP/1.1" 302 0
[17/Oct/2014 14:38:34] "GET /app/login?next=/app/send HTTP/1.1" 200 933
[17/Oct/2014 14:38:34] "GET /static/css/login.css HTTP/1.1" 200 368
[17/Oct/2014 14:38:34] "GET /static/components/bootstrap/dist/css/bootstrap.min.css HTTP/1.1" 200 109518
[17/Oct/2014 14:38:35] "GET /static/images/head.png HTTP/1.1" 200 1679
[17/Oct/2014 14:38:36] "GET /oauth/login/baidu HTTP/1.1" 301 0
[17/Oct/2014 14:38:36] "GET /oauth/login/baidu/ HTTP/1.1" 302 0
[17/Oct/2014 14:38:37] "GET /oauth/complete/baidu/?code=2b8348526e603f11d3f50b6a41fd60af&state=ws9GkJgb2PtTunKEFbKY7pbNTAlRqL3D HTTP/1.1" 302 0
[17/Oct/2014 14:38:38] "GET /app/ HTTP/1.1" 200 2062
[17/Oct/2014 14:38:38] "GET /static/css/index.css HTTP/1.1" 200 1911
[17/Oct/2014 14:38:38] "GET /static/components/bootstrap/dist/css/bootstrap.min.css HTTP/1.1" 200 109518
[17/Oct/2014 14:38:39] "GET /static/images/send.png HTTP/1.1" 200 2092
[17/Oct/2014 14:38:39] "GET /static/images/store.png HTTP/1.1" 200 2060
[17/Oct/2014 14:38:39] "GET /static/images/coupons.png HTTP/1.1" 200 4647
[17/Oct/2014 14:38:39] "GET /static/images/sign.png HTTP/1.1" 200 1945
[17/Oct/2014 14:38:39] "GET /static/images/banner-bg.png HTTP/1.1" 200 346462
[17/Oct/2014 14:38:39] "GET /static/images/profile.png HTTP/1.1" 200 2233
[17/Oct/2014 14:38:40] "GET /app/send HTTP/1.1" 302 0
[17/Oct/2014 14:38:40] "GET /app/profile HTTP/1.1" 200 4331
[17/Oct/2014 14:38:41] "GET /static/components/bootstrap/dist/css/bootstrap.min.css HTTP/1.1" 200 109518
[17/Oct/2014 14:38:41] "GET /static/components/jquery/dist/jquery.min.js HTTP/1.1" 200 84280
[17/Oct/2014 14:38:41] "GET /static/css/profile.css HTTP/1.1" 200 406
[17/Oct/2014 14:38:41] "GET /static/css/menu.css HTTP/1.1" 200 2338
[17/Oct/2014 14:38:41] "GET /static/js/profile.js HTTP/1.1" 200 662
[17/Oct/2014 14:38:41] "GET /static/components/bootstrap/dist/js/bootstrap.min.js HTTP/1.1" 200 31819
[17/Oct/2014 14:38:41] "GET /static/components/bootstrap/dist/fonts/glyphicons-halflings-regular.woff HTTP/1.1" 200 23320
[17/Oct/2014 14:38:42] "GET /static/components/jquery/dist/jquery.min.map HTTP/1.1" 200 127323
[17/Oct/2014 14:38:50] "GET /app/recent HTTP/1.1" 302 0
[17/Oct/2014 14:38:50] "GET /app/profile HTTP/1.1" 200 4331
[17/Oct/2014 14:38:51] "GET /static/components/bootstrap/dist/css/bootstrap.min.css HTTP/1.1" 200 109518
[17/Oct/2014 14:38:51] "GET /static/css/profile.css HTTP/1.1" 200 406
[17/Oct/2014 14:38:51] "GET /static/css/menu.css HTTP/1.1" 200 2338
[17/Oct/2014 14:38:51] "GET /static/components/jquery/dist/jquery.min.js HTTP/1.1" 200 84280
[17/Oct/2014 14:38:51] "GET /static/components/bootstrap/dist/js/bootstrap.min.js HTTP/1.1" 200 31819
[17/Oct/2014 14:38:51] "GET /static/js/profile.js HTTP/1.1" 200 662
[17/Oct/2014 14:38:51] "GET /static/components/bootstrap/dist/fonts/glyphicons-halflings-regular.woff HTTP/1.1" 200 23320
[17/Oct/2014 14:38:51] "GET /static/components/jquery/dist/jquery.min.map HTTP/1.1" 200 127323
[17/Oct/2014 14:38:52] "GET /app/rule HTTP/1.1" 200 1655
[17/Oct/2014 14:38:53] "GET /static/components/bootstrap/dist/css/bootstrap.min.css HTTP/1.1" 200 109518
